2025-03-25 08:46:26,935 - WeatherFetcher - INFO - WeatherFetcher initialized successfully
2025-03-25 08:46:41,353 - WeatherFetcher - INFO - Fetching weather data for London
2025-03-25 08:46:41,669 - WeatherFetcher - ERROR - Authentication failed. Check your API key
2025-03-25 08:46:41,669 - WeatherFetcher - ERROR - An error occurred: Invalid API key
2025-03-25 08:47:21,610 - WeatherFetcher - INFO - WeatherFetcher initialized successfully
2025-03-25 08:47:26,961 - WeatherFetcher - INFO - Fetching weather data for London
2025-03-25 08:47:27,199 - WeatherFetcher - ERROR - Authentication failed. Check your API key
2025-03-25 08:47:27,199 - WeatherFetcher - ERROR - An error occurred: Invalid API key
2025-03-25 08:48:14,557 - WeatherFetcher - INFO - WeatherFetcher initialized successfully
2025-03-25 08:48:18,171 - WeatherFetcher - INFO - Fetching weather data for London
2025-03-25 08:48:18,556 - WeatherFetcher - ERROR - Authentication failed. Check your API key
2025-03-25 08:48:18,557 - WeatherFetcher - ERROR - An error occurred: Invalid API key
2025-03-25 08:49:42,082 - WeatherFetcher - INFO - WeatherFetcher initialized successfully
2025-03-25 08:49:46,243 - WeatherFetcher - INFO - Fetching weather data for London
2025-03-25 08:49:46,540 - WeatherFetcher - ERROR - Authentication failed. Check your API key
2025-03-25 08:49:46,540 - WeatherFetcher - ERROR - An error occurred: Invalid API key
2025-03-25 09:03:31,757 - WeatherFetcher - INFO - WeatherFetcher initialized successfully
2025-03-25 09:03:48,548 - WeatherFetcher - INFO - WeatherFetcher initialized successfully
2025-03-25 09:03:53,528 - WeatherFetcher - INFO - Fetching weather data for London
2025-03-25 09:03:53,819 - WeatherFetcher - ERROR - City 'London' not found
2025-03-25 09:03:53,820 - WeatherFetcher - ERROR - An error occurred: City 'London' not found
2025-03-25 09:04:42,823 - WeatherFetcher - INFO - WeatherFetcher initialized successfully
2025-03-25 09:04:45,176 - WeatherFetcher - INFO - Fetching weather data for London
2025-03-25 09:04:45,669 - WeatherFetcher - ERROR - City 'London' not found
2025-03-25 09:04:45,669 - WeatherFetcher - ERROR - An error occurred: City 'London' not found
2025-03-25 09:05:00,480 - WeatherFetcher - INFO - WeatherFetcher initialized successfully
2025-03-25 09:05:02,264 - WeatherFetcher - INFO - Fetching weather data for Paris
2025-03-25 09:05:14,963 - WeatherFetcher - ERROR - City 'Paris' not found
2025-03-25 09:05:14,963 - WeatherFetcher - ERROR - An error occurred: City 'Paris' not found
2025-03-25 09:05:57,263 - WeatherFetcher - INFO - WeatherFetcher initialized successfully
2025-03-25 09:05:59,224 - WeatherFetcher - INFO - Fetching weather data for New York
2025-03-25 09:05:59,495 - WeatherFetcher - ERROR - City 'New York' not found
2025-03-25 09:05:59,495 - WeatherFetcher - ERROR - An error occurred: City 'New York' not found
2025-03-25 09:09:33,720 - WeatherFetcher - INFO - WeatherFetcher initialized successfully
2025-03-25 09:09:39,474 - WeatherFetcher - INFO - Fetching weather data for london
2025-03-25 09:09:39,898 - WeatherFetcher - ERROR - City 'london' not found
2025-03-25 09:09:39,898 - WeatherFetcher - ERROR - An error occurred: City 'london' not found
2025-03-25 09:14:22,375 - WeatherFetcher - INFO - WeatherFetcher initialized successfully
2025-03-25 09:14:28,473 - WeatherFetcher - INFO - Fetching weather data for london
2025-03-25 09:14:29,940 - WeatherFetcher - INFO - API response status code: 401
2025-03-25 09:14:29,940 - WeatherFetcher - ERROR - Authentication failed. Check your API key
2025-03-25 09:14:29,940 - WeatherFetcher - ERROR - An error occurred: Invalid API key
2025-03-25 09:14:41,257 - WeatherFetcher - INFO - WeatherFetcher initialized successfully
2025-03-25 09:14:44,776 - WeatherFetcher - INFO - Fetching weather data for london
2025-03-25 09:15:57,154 - WeatherFetcher - ERROR - Network error while fetching data: ('Connection aborted.', RemoteDisconnected('Remote end closed connection without response'))
2025-03-25 09:15:57,154 - WeatherFetcher - ERROR - An error occurred: Failed to connect to weather service: ('Connection aborted.', RemoteDisconnected('Remote end closed connection without response'))
2025-03-25 09:17:47,727 - WeatherFetcher - INFO - WeatherFetcher initialized successfully
2025-03-25 09:17:52,132 - WeatherFetcher - INFO - Fetching weather data for london
2025-03-25 09:17:52,739 - WeatherFetcher - INFO - API response status code: 401
2025-03-25 09:17:52,740 - WeatherFetcher - ERROR - Authentication failed. Check your API key
2025-03-25 09:17:52,740 - WeatherFetcher - ERROR - An error occurred: Invalid API key
2025-03-25 09:18:16,773 - WeatherFetcher - INFO - WeatherFetcher initialized successfully
2025-03-25 09:18:20,443 - WeatherFetcher - INFO - Fetching weather data for london
2025-03-25 09:18:21,098 - WeatherFetcher - INFO - API response status code: 200
2025-03-25 09:18:21,098 - WeatherFetcher - INFO - Successfully fetched and processed weather data for london
2025-03-25 09:18:21,101 - WeatherFetcher - INFO - Weather data saved to weather_london_20250325_091821.json
2025-03-25 09:22:10,306 - WeatherFetcher - INFO - WeatherFetcher initialized successfully
2025-03-25 09:22:10,306 - WeatherFetcher - INFO - WeatherFetcher initialized successfully
2025-03-25 09:22:10,307 - WeatherFetcher - INFO - WeatherFetcher initialized successfully
2025-03-25 09:22:10,307 - WeatherFetcher - ERROR - Missing expected field in weather data: 'feels_like'
2025-03-25 09:22:10,307 - WeatherFetcher - INFO - Weather data saved to weather_test_save.json
2025-03-25 09:23:44,722 - WeatherFetcher - INFO - WeatherFetcher initialized successfully
2025-03-25 09:23:44,723 - WeatherFetcher - INFO - Fetching weather data for NonExistentCity
2025-03-25 09:23:44,723 - WeatherFetcher - INFO - API response status code: 404
2025-03-25 09:23:44,723 - WeatherFetcher - ERROR - City 'NonExistentCity' not found
2025-03-25 09:23:44,724 - WeatherFetcher - INFO - WeatherFetcher initialized successfully
2025-03-25 09:23:44,724 - WeatherFetcher - INFO - Fetching weather data for London
2025-03-25 09:23:44,724 - WeatherFetcher - INFO - API response status code: 401
2025-03-25 09:23:44,724 - WeatherFetcher - ERROR - Authentication failed. Check your API key
2025-03-25 09:23:44,725 - WeatherFetcher - INFO - WeatherFetcher initialized successfully
2025-03-25 09:23:44,725 - WeatherFetcher - INFO - Fetching weather data for London
2025-03-25 09:23:44,725 - WeatherFetcher - ERROR - Network error while fetching data: Connection refused
2025-03-25 09:23:44,726 - WeatherFetcher - INFO - WeatherFetcher initialized successfully
2025-03-25 09:23:44,727 - WeatherFetcher - INFO - Fetching weather data for London
2025-03-25 09:23:44,727 - WeatherFetcher - INFO - API response status code: <MagicMock name='get().status_code' id='4407610640'>
2025-03-25 09:23:44,727 - WeatherFetcher - INFO - Successfully fetched and processed weather data for London
2025-03-25 09:23:44,728 - WeatherFetcher - INFO - WeatherFetcher initialized successfully
2025-03-25 09:23:44,729 - WeatherFetcher - INFO - WeatherFetcher initialized successfully
2025-03-25 09:23:44,729 - WeatherFetcher - INFO - WeatherFetcher initialized successfully
2025-03-25 09:23:44,729 - WeatherFetcher - ERROR - Missing expected field in weather data: 'feels_like'
2025-03-25 09:23:44,730 - WeatherFetcher - INFO - Weather data saved to weather_test_save.json
2025-03-25 09:25:09,675 - WeatherFetcher - INFO - WeatherFetcher initialized successfully
2025-03-25 09:25:09,675 - WeatherFetcher - INFO - Fetching weather data for NonExistentCity
2025-03-25 09:25:09,675 - WeatherFetcher - INFO - API response status code: 404
2025-03-25 09:25:09,675 - WeatherFetcher - ERROR - City 'NonExistentCity' not found
2025-03-25 09:25:09,676 - WeatherFetcher - INFO - WeatherFetcher initialized successfully
2025-03-25 09:25:09,676 - WeatherFetcher - INFO - Fetching weather data for London
2025-03-25 09:25:09,676 - WeatherFetcher - INFO - API response status code: 401
2025-03-25 09:25:09,677 - WeatherFetcher - ERROR - Authentication failed. Check your API key
2025-03-25 09:25:09,677 - WeatherFetcher - INFO - WeatherFetcher initialized successfully
2025-03-25 09:25:09,677 - WeatherFetcher - INFO - Fetching weather data for London
2025-03-25 09:25:09,678 - WeatherFetcher - ERROR - Network error while fetching data: Connection refused
2025-03-25 09:25:09,679 - WeatherFetcher - INFO - WeatherFetcher initialized successfully
2025-03-25 09:25:09,679 - WeatherFetcher - INFO - Fetching weather data for London
2025-03-25 09:25:09,679 - WeatherFetcher - INFO - API response status code: <MagicMock name='get().status_code' id='4510594192'>
2025-03-25 09:25:09,680 - WeatherFetcher - INFO - Successfully fetched and processed weather data for London
2025-03-25 09:25:09,680 - WeatherFetcher - INFO - WeatherFetcher initialized successfully
2025-03-25 09:25:09,681 - WeatherFetcher - INFO - WeatherFetcher initialized successfully
2025-03-25 09:25:09,681 - WeatherFetcher - ERROR - Missing expected field in weather data: 'feels_like'
2025-03-25 09:25:09,682 - WeatherFetcher - INFO - Weather data saved to weather_test_save.json
2025-03-25 09:32:47,229 - WeatherFetcher - INFO - WeatherFetcher initialized successfully
2025-03-25 09:32:47,230 - WeatherFetcher - INFO - Fetching weather data for NonExistentCity
2025-03-25 09:32:47,230 - WeatherFetcher - INFO - API response status code: 404
2025-03-25 09:32:47,230 - WeatherFetcher - ERROR - City 'NonExistentCity' not found
2025-03-25 09:32:47,231 - WeatherFetcher - INFO - WeatherFetcher initialized successfully
2025-03-25 09:32:47,232 - WeatherFetcher - INFO - Fetching weather data for London
2025-03-25 09:32:47,232 - WeatherFetcher - INFO - API response status code: 401
2025-03-25 09:32:47,232 - WeatherFetcher - ERROR - Authentication failed. Check your API key
2025-03-25 09:32:47,232 - WeatherFetcher - INFO - WeatherFetcher initialized successfully
2025-03-25 09:32:47,233 - WeatherFetcher - INFO - Fetching weather data for London
2025-03-25 09:32:47,233 - WeatherFetcher - ERROR - Network error while fetching data: Connection refused
2025-03-25 09:32:47,234 - WeatherFetcher - INFO - WeatherFetcher initialized successfully
2025-03-25 09:32:47,234 - WeatherFetcher - INFO - Fetching weather data for London
2025-03-25 09:32:47,234 - WeatherFetcher - INFO - API response status code: <MagicMock name='get().status_code' id='4353613904'>
2025-03-25 09:32:47,234 - WeatherFetcher - INFO - Successfully fetched and processed weather data for London
2025-03-25 09:32:47,235 - WeatherFetcher - INFO - WeatherFetcher initialized successfully
2025-03-25 09:32:47,236 - WeatherFetcher - INFO - WeatherFetcher initialized successfully
2025-03-25 09:32:47,236 - WeatherFetcher - ERROR - Missing expected field in weather data: 'feels_like'
2025-03-25 09:32:47,236 - WeatherFetcher - INFO - Weather data saved to weather_test_save.json
2025-03-25 09:32:58,991 - WeatherFetcher - INFO - WeatherFetcher initialized successfully
2025-03-25 09:32:58,991 - WeatherFetcher - INFO - Fetching weather data for NonExistentCity
2025-03-25 09:32:58,991 - WeatherFetcher - INFO - API response status code: 404
2025-03-25 09:32:58,991 - WeatherFetcher - ERROR - City 'NonExistentCity' not found
2025-03-25 09:32:58,992 - WeatherFetcher - INFO - WeatherFetcher initialized successfully
2025-03-25 09:32:58,992 - WeatherFetcher - INFO - Fetching weather data for London
2025-03-25 09:32:58,993 - WeatherFetcher - INFO - API response status code: 401
2025-03-25 09:32:58,993 - WeatherFetcher - ERROR - Authentication failed. Check your API key
2025-03-25 09:32:58,993 - WeatherFetcher - INFO - WeatherFetcher initialized successfully
2025-03-25 09:32:58,993 - WeatherFetcher - INFO - Fetching weather data for London
2025-03-25 09:32:58,994 - WeatherFetcher - ERROR - Network error while fetching data: Connection refused
2025-03-25 09:32:58,995 - WeatherFetcher - INFO - WeatherFetcher initialized successfully
2025-03-25 09:32:58,995 - WeatherFetcher - INFO - Fetching weather data for London
2025-03-25 09:32:58,995 - WeatherFetcher - INFO - API response status code: <MagicMock name='get().status_code' id='4441482512'>
2025-03-25 09:32:58,995 - WeatherFetcher - INFO - Successfully fetched and processed weather data for London
2025-03-25 09:32:58,996 - WeatherFetcher - INFO - WeatherFetcher initialized successfully
2025-03-25 09:32:58,997 - WeatherFetcher - INFO - WeatherFetcher initialized successfully
2025-03-25 09:32:58,997 - WeatherFetcher - INFO - WeatherFetcher initialized successfully
2025-03-25 09:32:58,997 - WeatherFetcher - ERROR - Missing expected field in weather data: 'feels_like'
2025-03-25 09:32:58,999 - WeatherFetcher - INFO - Weather data saved to weather_test_save.json
2025-03-25 09:40:43,846 - WeatherFetcher - INFO - WeatherFetcher initialized successfully
2025-03-25 09:40:43,846 - WeatherFetcher - INFO - Fetching weather data for paris
2025-03-25 09:40:44,180 - WeatherFetcher - INFO - API response status code: 200
2025-03-25 09:40:44,181 - WeatherFetcher - INFO - Successfully fetched and processed weather data for paris
2025-03-25 09:40:44,184 - WeatherFetcher - INFO - Weather data saved to weather_paris_20250325_094044.json
